11-04-2023 21:59:33 - user_interface - INFO - start_menu - Главное меню
11-04-2023 21:59:38 - user_interface - INFO - start_menu - Вход в меню Операции
11-04-2023 21:59:41 - user_interface - INFO - menu_notes - Выбор операции - Показать все заметки
11-04-2023 21:59:41 - user_interface - INFO - start_menu - Главное меню
11-04-2023 22:00:10 - user_interface - INFO - start_menu - Вход в меню Операции
11-04-2023 22:00:14 - user_interface - INFO - menu_notes - Выбор операции - Редактирование заметки
11-04-2023 22:01:08 - operation - INFO - edit_notes - Содержание заметки с ID-a63 изменено
12-04-2023 09:41:02 - menu_interface - INFO - start_menu - Главное меню
12-04-2023 09:41:09 - menu_interface - INFO - start_menu - Вход в меню Операции
12-04-2023 09:42:02 - menu_interface - INFO - start_menu - Главное меню
12-04-2023 09:42:07 - menu_interface - INFO - start_menu - Вход в меню Операции
12-04-2023 09:42:16 - menu_interface - INFO - menu_notes - Выбор операции - Показать все заметки
12-04-2023 09:50:26 - menu_interface - INFO - start_menu - Главное меню
12-04-2023 09:50:28 - menu_interface - INFO - start_menu - Вход в меню Операции
12-04-2023 09:50:31 - menu_interface - INFO - menu_notes - Выбор операции - Показать все заметки
12-04-2023 09:50:31 - menu_interface - INFO - start_menu - Главное меню
12-04-2023 09:50:36 - menu_interface - INFO - start_menu - Вход в меню Операции
12-04-2023 09:50:37 - menu_interface - INFO - menu_notes - Выбор операции - Добавление новой заметки
12-04-2023 09:51:08 - operations - INFO - create_note - Создана новая заметка с ID - 551
12-04-2023 09:51:08 - menu_interface - INFO - start_menu - Главное меню
12-04-2023 09:51:15 - menu_interface - INFO - start_menu - Вход в меню Операции
12-04-2023 09:51:19 - menu_interface - INFO - menu_notes - Выбор операции - Удаление заметки
12-04-2023 09:51:31 - operations - INFO - deleting_note - Заметка с ID - 603 удалена!!!!
12-04-2023 09:51:31 - operations - INFO - deleting_note - Удалена заметка с ID - 603
12-04-2023 09:51:31 - menu_interface - INFO - start_menu - Главное меню
12-04-2023 09:51:35 - menu_interface - INFO - start_menu - Вход в меню Операции
12-04-2023 09:51:38 - menu_interface - INFO - menu_notes - Выбор операции - Показать все заметки
12-04-2023 09:51:38 - menu_interface - INFO - start_menu - Главное меню
12-04-2023 09:52:01 - menu_interface - INFO - start_menu - Вход в меню Операции
12-04-2023 09:52:13 - menu_interface - INFO - menu_notes - Выбор операции - Добавление новой заметки
12-04-2023 09:52:22 - operations - INFO - create_note - Создана новая заметка с ID - 8dd
12-04-2023 09:52:22 - menu_interface - INFO - start_menu - Главное меню
12-04-2023 09:52:26 - menu_interface - INFO - start_menu - Вход в меню Операции
12-04-2023 09:52:28 - menu_interface - INFO - menu_notes - Выбор операции - Показать все заметки
12-04-2023 09:52:28 - menu_interface - INFO - start_menu - Главное меню
12-04-2023 09:52:43 - menu_interface - INFO - start_menu - Вход в меню Операции
12-04-2023 09:52:45 - menu_interface - INFO - menu_notes - Выбор операции - Редактирование заметки
12-04-2023 09:53:09 - operations - INFO - edit_notes - Содержание заметки с ID-8dd изменено
12-04-2023 09:53:12 - menu_interface - INFO - menu_notes - Выбор операции - Показать все заметки
12-04-2023 09:53:12 - menu_interface - INFO - start_menu - Главное меню
12-04-2023 09:53:17 - menu_interface - INFO - start_menu - Вход в меню Операции
12-04-2023 09:53:20 - menu_interface - INFO - menu_notes - Выбор операции - Поиск заметки по дате
12-04-2023 09:53:26 - operations - INFO - find_note_by_data - Ошибка ввода
12-04-2023 09:53:26 - menu_interface - INFO - start_menu - Главное меню
12-04-2023 09:53:33 - menu_interface - INFO - start_menu - Вход в меню Операции
12-04-2023 09:53:35 - menu_interface - INFO - menu_notes - Выбор операции - Поиск заметки по дате
12-04-2023 09:53:43 - menu_interface - INFO - start_menu - Главное меню
12-04-2023 09:53:50 - menu_interface - INFO - start_menu - Окончание работы
